<!DOCTYPE html>
<html>
<head>
<meta http-equiv="Content-Type" content="text/html; charset=utf-8"/>
<meta http-equiv="x-ua-compatible" content="IE=edge"/>
<title>Test results - Class PaymentPageTest</title>
<link href="../css/base-style.css" rel="stylesheet" type="text/css"/>
<link href="../css/style.css" rel="stylesheet" type="text/css"/>
<script src="../js/report.js" type="text/javascript"></script>
</head>
<body>
<div id="content">
<h1>Class PaymentPageTest</h1>
<div class="breadcrumbs">
<a href="../index.html">all</a> &gt; 
<a href="../packages/default-package.html">default-package</a> &gt; PaymentPageTest</div>
<div id="summary">
<table>
<tr>
<td>
<div class="summaryGroup">
<table>
<tr>
<td>
<div class="infoBox" id="tests">
<div class="counter">3</div>
<p>tests</p>
</div>
</td>
<td>
<div class="infoBox" id="failures">
<div class="counter">3</div>
<p>failures</p>
</div>
</td>
<td>
<div class="infoBox" id="ignored">
<div class="counter">0</div>
<p>ignored</p>
</div>
</td>
<td>
<div class="infoBox" id="duration">
<div class="counter">0.077s</div>
<p>duration</p>
</div>
</td>
</tr>
</table>
</div>
</td>
<td>
<div class="infoBox failures" id="successRate">
<div class="percent">0%</div>
<p>successful</p>
</div>
</td>
</tr>
</table>
</div>
<div id="tabs">
<ul class="tabLinks">
<li>
<a href="#tab0">Failed tests</a>
</li>
<li>
<a href="#tab1">Tests</a>
</li>
<li>
<a href="#tab2">Standard error</a>
</li>
</ul>
<div id="tab0" class="tab">
<h2>Failed tests</h2>
<div class="test">
<a name="verifyOrderAmountTest()"></a>
<h3 class="failures">verifyOrderAmountTest()</h3>
<span class="code">
<pre>org.openqa.selenium.remote.NoSuchDriverException: Unable to obtain: chromedriver, error chromedriver must exist: /PATH_TO_YOUR/chromedriver
For documentation on this error, please visit: https://www.selenium.dev/documentation/webdriver/troubleshooting/errors/driver_location/
Build info: version: '4.23.0', revision: '4df0a231af'
System info: os.name: 'Mac OS X', os.arch: 'x86_64', os.version: '11.3', java.version: '16.0.2'
Driver info: driver.version: ChromeDriver
	at app//org.openqa.selenium.remote.service.DriverFinder.getBinaryPaths(DriverFinder.java:121)
	at app//org.openqa.selenium.remote.service.DriverFinder.getDriverPath(DriverFinder.java:55)
	at app//org.openqa.selenium.chrome.ChromeDriver.generateExecutor(ChromeDriver.java:99)
	at app//org.openqa.selenium.chrome.ChromeDriver.&lt;init&gt;(ChromeDriver.java:88)
	at app//org.openqa.selenium.chrome.ChromeDriver.&lt;init&gt;(ChromeDriver.java:83)
	at app//org.openqa.selenium.chrome.ChromeDriver.&lt;init&gt;(ChromeDriver.java:62)
	at app//com.solidgate.ui.selenium.DriverManager.createLocalDriver(DriverManager.java:52)
	at app//com.solidgate.ui.selenium.DriverManager.createDriver(DriverManager.java:42)
	at app//com.solidgate.ui.selenium.DriverManager.getDriver(DriverManager.java:35)
	at app//BaseTest.prepare(BaseTest.java:40)
	at java.base@16.0.2/java.lang.reflect.Method.invoke(Method.java:567)
	at java.base@16.0.2/java.util.ArrayList.forEach(ArrayList.java:1511)
	at java.base@16.0.2/java.util.ArrayList.forEach(ArrayList.java:1511)
	Suppressed: java.lang.NullPointerException: Cannot invoke &quot;org.openqa.selenium.WebDriver.close()&quot; because the return value of &quot;java.lang.ThreadLocal.get()&quot; is null
		at com.solidgate.ui.selenium.DriverManager.closeDriver(DriverManager.java:61)
		at BaseTest.close(BaseTest.java:48)
		... 3 more
Caused by: java.lang.IllegalStateException: chromedriver must exist: /PATH_TO_YOUR/chromedriver
	at org.openqa.selenium.internal.Require$PathStateChecker.isExecutable(Require.java:478)
	at org.openqa.selenium.remote.service.DriverFinder.getBinaryPaths(DriverFinder.java:118)
	... 12 more
</pre>
</span>
</div>
<div class="test">
<a name="verifyOrderCurrencyTest()"></a>
<h3 class="failures">verifyOrderCurrencyTest()</h3>
<span class="code">
<pre>org.openqa.selenium.remote.NoSuchDriverException: Unable to obtain: chromedriver, error chromedriver must exist: /PATH_TO_YOUR/chromedriver
For documentation on this error, please visit: https://www.selenium.dev/documentation/webdriver/troubleshooting/errors/driver_location/
Build info: version: '4.23.0', revision: '4df0a231af'
System info: os.name: 'Mac OS X', os.arch: 'x86_64', os.version: '11.3', java.version: '16.0.2'
Driver info: driver.version: ChromeDriver
	at app//org.openqa.selenium.remote.service.DriverFinder.getBinaryPaths(DriverFinder.java:121)
	at app//org.openqa.selenium.remote.service.DriverFinder.getDriverPath(DriverFinder.java:55)
	at app//org.openqa.selenium.chrome.ChromeDriver.generateExecutor(ChromeDriver.java:99)
	at app//org.openqa.selenium.chrome.ChromeDriver.&lt;init&gt;(ChromeDriver.java:88)
	at app//org.openqa.selenium.chrome.ChromeDriver.&lt;init&gt;(ChromeDriver.java:83)
	at app//org.openqa.selenium.chrome.ChromeDriver.&lt;init&gt;(ChromeDriver.java:62)
	at app//com.solidgate.ui.selenium.DriverManager.createLocalDriver(DriverManager.java:52)
	at app//com.solidgate.ui.selenium.DriverManager.createDriver(DriverManager.java:42)
	at app//com.solidgate.ui.selenium.DriverManager.getDriver(DriverManager.java:35)
	at app//BaseTest.prepare(BaseTest.java:40)
	at java.base@16.0.2/java.lang.reflect.Method.invoke(Method.java:567)
	at java.base@16.0.2/java.util.ArrayList.forEach(ArrayList.java:1511)
	at java.base@16.0.2/java.util.ArrayList.forEach(ArrayList.java:1511)
	Suppressed: java.lang.NullPointerException: Cannot invoke &quot;org.openqa.selenium.WebDriver.close()&quot; because the return value of &quot;java.lang.ThreadLocal.get()&quot; is null
		at com.solidgate.ui.selenium.DriverManager.closeDriver(DriverManager.java:61)
		at BaseTest.close(BaseTest.java:48)
		... 3 more
Caused by: java.lang.IllegalStateException: chromedriver must exist: /PATH_TO_YOUR/chromedriver
	at org.openqa.selenium.internal.Require$PathStateChecker.isExecutable(Require.java:478)
	at org.openqa.selenium.remote.service.DriverFinder.getBinaryPaths(DriverFinder.java:118)
	... 12 more
</pre>
</span>
</div>
<div class="test">
<a name="verifySuccessStatusOrderTest()"></a>
<h3 class="failures">verifySuccessStatusOrderTest()</h3>
<span class="code">
<pre>org.openqa.selenium.remote.NoSuchDriverException: Unable to obtain: chromedriver, error chromedriver must exist: /PATH_TO_YOUR/chromedriver
For documentation on this error, please visit: https://www.selenium.dev/documentation/webdriver/troubleshooting/errors/driver_location/
Build info: version: '4.23.0', revision: '4df0a231af'
System info: os.name: 'Mac OS X', os.arch: 'x86_64', os.version: '11.3', java.version: '16.0.2'
Driver info: driver.version: ChromeDriver
	at app//org.openqa.selenium.remote.service.DriverFinder.getBinaryPaths(DriverFinder.java:121)
	at app//org.openqa.selenium.remote.service.DriverFinder.getDriverPath(DriverFinder.java:55)
	at app//org.openqa.selenium.chrome.ChromeDriver.generateExecutor(ChromeDriver.java:99)
	at app//org.openqa.selenium.chrome.ChromeDriver.&lt;init&gt;(ChromeDriver.java:88)
	at app//org.openqa.selenium.chrome.ChromeDriver.&lt;init&gt;(ChromeDriver.java:83)
	at app//org.openqa.selenium.chrome.ChromeDriver.&lt;init&gt;(ChromeDriver.java:62)
	at app//com.solidgate.ui.selenium.DriverManager.createLocalDriver(DriverManager.java:52)
	at app//com.solidgate.ui.selenium.DriverManager.createDriver(DriverManager.java:42)
	at app//com.solidgate.ui.selenium.DriverManager.getDriver(DriverManager.java:35)
	at app//BaseTest.prepare(BaseTest.java:40)
	at java.base@16.0.2/java.lang.reflect.Method.invoke(Method.java:567)
	at java.base@16.0.2/java.util.ArrayList.forEach(ArrayList.java:1511)
	at java.base@16.0.2/java.util.ArrayList.forEach(ArrayList.java:1511)
	Suppressed: java.lang.NullPointerException: Cannot invoke &quot;org.openqa.selenium.WebDriver.close()&quot; because the return value of &quot;java.lang.ThreadLocal.get()&quot; is null
		at com.solidgate.ui.selenium.DriverManager.closeDriver(DriverManager.java:61)
		at BaseTest.close(BaseTest.java:48)
		... 3 more
Caused by: java.lang.IllegalStateException: chromedriver must exist: /PATH_TO_YOUR/chromedriver
	at org.openqa.selenium.internal.Require$PathStateChecker.isExecutable(Require.java:478)
	at org.openqa.selenium.remote.service.DriverFinder.getBinaryPaths(DriverFinder.java:118)
	... 12 more
</pre>
</span>
</div>
</div>
<div id="tab1" class="tab">
<h2>Tests</h2>
<table>
<thead>
<tr>
<th>Test</th>
<th>Duration</th>
<th>Result</th>
</tr>
</thead>
<tr>
<td class="failures">verifyOrderAmountTest()</td>
<td class="failures">0.004s</td>
<td class="failures">failed</td>
</tr>
<tr>
<td class="failures">verifyOrderCurrencyTest()</td>
<td class="failures">0.004s</td>
<td class="failures">failed</td>
</tr>
<tr>
<td class="failures">verifySuccessStatusOrderTest()</td>
<td class="failures">0.069s</td>
<td class="failures">failed</td>
</tr>
</table>
</div>
<div id="tab2" class="tab">
<h2>Standard error</h2>
<span class="code">
<pre>SLF4J: No SLF4J providers were found.
SLF4J: Defaulting to no-operation (NOP) logger implementation
SLF4J: See https://www.slf4j.org/codes.html#noProviders for further details.
</pre>
</span>
</div>
</div>
<div id="footer">
<p>
<div>
<label class="hidden" id="label-for-line-wrapping-toggle" for="line-wrapping-toggle">Wrap lines
<input id="line-wrapping-toggle" type="checkbox" autocomplete="off"/>
</label>
</div>Generated by 
<a href="http://www.gradle.org">Gradle 8.5</a> at Jul 30, 2024, 12:48:11 AM</p>
</div>
</div>
</body>
</html>
